<?xml version="1.0" encoding="UTF-8"?>
<!-- Generated by org.testng.reporters.JUnitXMLReporter -->
<testsuite hostname="IIUSL" ignored="0" name="Default test" tests="3" failures="0" timestamp="11 Apr 2019 19:03:32 GMT" time="19.416" errors="0">
  <testcase name="googleTitleTest" time="0.012" classname="com.test.GoogleTest"/>
  <testcase name="googleLogoTest" time="0.047" classname="com.test.GoogleTest"/>
  <testcase name="mailLinkTest" time="0.074" classname="com.test.GoogleTest"/>
</testsuite> <!-- Default test -->
