<?xml version="1.0" encoding="UTF-8"?>
<!-- Generated by org.testng.reporters.JUnitXMLReporter -->
<testsuite hostname="IIUSL" ignored="0" name="Default test" tests="3" failures="0" timestamp="23 Apr 2019 15:14:51 GMT" time="0.048" errors="0">
  <testcase name="googleLogoTest" time="0.007" classname="google.Test.Project.TestNGBasics"/>
  <testcase name="googleTitleTest" time="0.003" classname="google.Test.Project.TestNGBasics"/>
  <testcase name="searchTest" time="0.002" classname="google.Test.Project.TestNGBasics"/>
</testsuite> <!-- Default test -->
